{
  "stats": {
    "suites": 5,
    "tests": 14,
    "passes": 14,
    "pending": 0,
    "failures": 0,
    "testsRegistered": 14,
    "passPercent": 100,
    "pendingPercent": 0,
    "other": 0,
    "hasOther": false,
    "skipped": 0,
    "hasSkipped": false,
    "start": "2024-11-04T18:12:59.605Z",
    "end": "2024-11-04T18:13:45.489Z",
    "duration": 45884
  },
  "results": [
    {
      "uuid": "5f32b3d5-fa13-4f9d-bcd9-680fa37ce6fd",
      "title": "",
      "fullFile": "cypress/e2e/Contas.cy.js",
      "file": "cypress/e2e/Contas.cy.js",
      "beforeHooks": [],
      "afterHooks": [],
      "tests": [],
      "suites": [
        {
          "uuid": "eeb71ac9-5822-44f7-996b-6f38c37bc21a",
          "title": "Feature 02 - Contas",
          "fullFile": "",
          "file": "",
          "beforeHooks": [],
          "afterHooks": [],
          "tests": [
            {
              "title": "Criar adicionar 2 contas",
              "fullTitle": "Feature 02 - Contas Criar adicionar 2 contas",
              "timedOut": null,
              "duration": 4034,
              "state": "passed",
              "speed": "fast",
              "pass": true,
              "fail": false,
              "pending": false,
              "context": null,
              "code": "const newConta = (0, _utils.generateUsers)();\ncy.visit('/');\ncy.criarConta(newConta.conta);\ncy.criarConta(newConta.conta + 1);\ncy.exibirAlerta().should('have.text', 'Conta adicionada com sucesso!');",
              "err": {},
              "uuid": "66647976-1aed-478f-b6f0-6e0a54fb79d5",
              "parentUUID": "eeb71ac9-5822-44f7-996b-6f38c37bc21a",
              "isHook": false,
              "skipped": false
            },
            {
              "title": "Listar todas as contas",
              "fullTitle": "Feature 02 - Contas Listar todas as contas",
              "timedOut": null,
              "duration": 514,
              "state": "passed",
              "speed": "fast",
              "pass": true,
              "fail": false,
              "pending": false,
              "context": null,
              "code": "cy.visit('/');\ncy.listarContas();\ncy.get('tr:visible').should('have.length.greaterThan', 0);",
              "err": {},
              "uuid": "d5b0f119-04c5-45eb-b7e6-80024b40154e",
              "parentUUID": "eeb71ac9-5822-44f7-996b-6f38c37bc21a",
              "isHook": false,
              "skipped": false
            },
            {
              "title": "Validar alteração do nome das contas",
              "fullTitle": "Feature 02 - Contas Validar alteração do nome das contas",
              "timedOut": null,
              "duration": 3522,
              "state": "passed",
              "speed": "fast",
              "pass": true,
              "fail": false,
              "pending": false,
              "context": null,
              "code": "const newConta = (0, _utils.generateUsers)();\ncy.visit('/contas');\ncy.alterarNomeContas(newConta.conta);\ncy.exibirAlerta().should('have.text', 'Conta alterada com sucesso!');",
              "err": {},
              "uuid": "715b7b33-ad77-4b32-8259-e8e93d775810",
              "parentUUID": "eeb71ac9-5822-44f7-996b-6f38c37bc21a",
              "isHook": false,
              "skipped": false
            },
            {
              "title": "Validar exclusão das contas",
              "fullTitle": "Feature 02 - Contas Validar exclusão das contas",
              "timedOut": null,
              "duration": 1056,
              "state": "passed",
              "speed": "fast",
              "pass": true,
              "fail": false,
              "pending": false,
              "context": null,
              "code": "cy.visit('/contas');\ncy.excluirContas();",
              "err": {},
              "uuid": "aec6522e-da88-48f1-bacd-b21a8a4afb32",
              "parentUUID": "eeb71ac9-5822-44f7-996b-6f38c37bc21a",
              "isHook": false,
              "skipped": false
            }
          ],
          "suites": [],
          "passes": [
            "66647976-1aed-478f-b6f0-6e0a54fb79d5",
            "d5b0f119-04c5-45eb-b7e6-80024b40154e",
            "715b7b33-ad77-4b32-8259-e8e93d775810",
            "aec6522e-da88-48f1-bacd-b21a8a4afb32"
          ],
          "failures": [],
          "pending": [],
          "skipped": [],
          "duration": 9126,
          "root": false,
          "rootEmpty": false,
          "_timeout": 2000
        }
      ],
      "passes": [],
      "failures": [],
      "pending": [],
      "skipped": [],
      "duration": 0,
      "root": true,
      "rootEmpty": true,
      "_timeout": 2000
    },
    {
      "uuid": "7a4ac7a0-1144-4ea2-9a03-fb5e9dfda021",
      "title": "",
      "fullFile": "cypress/e2e/Login.cy.js",
      "file": "cypress/e2e/Login.cy.js",
      "beforeHooks": [],
      "afterHooks": [],
      "tests": [],
      "suites": [
        {
          "uuid": "f1c16944-04cd-4082-a861-25b841e646cc",
          "title": "Feature 01 - Login",
          "fullFile": "",
          "file": "",
          "beforeHooks": [],
          "afterHooks": [],
          "tests": [
            {
              "title": "Criar um novo usuário com sucesso",
              "fullTitle": "Feature 01 - Login Criar um novo usuário com sucesso",
              "timedOut": null,
              "duration": 2154,
              "state": "passed",
              "speed": "fast",
              "pass": true,
              "fail": false,
              "pending": false,
              "context": null,
              "code": "cy.createUser(newUser.nome, newUser.email, newUser.senha);\ncy.get('.alert').should('have.text', 'Usuário inserido com sucesso');",
              "err": {},
              "uuid": "fcc9126c-ed24-48e6-8535-e58c85fe2f1d",
              "parentUUID": "f1c16944-04cd-4082-a861-25b841e646cc",
              "isHook": false,
              "skipped": false
            },
            {
              "title": "Validar login com e-mail não cadastrado",
              "fullTitle": "Feature 01 - Login Validar login com e-mail não cadastrado",
              "timedOut": null,
              "duration": 1246,
              "state": "passed",
              "speed": "fast",
              "pass": true,
              "fail": false,
              "pending": false,
              "context": null,
              "code": "cy.login(userNaoCdastrado[0].email, userNaoCdastrado[0].password);\ncy.get('.alert').should('have.text', 'Problemas com o login do usuário');",
              "err": {},
              "uuid": "b6ffd63c-dce0-4964-bd40-7e5c21e98e75",
              "parentUUID": "f1c16944-04cd-4082-a861-25b841e646cc",
              "isHook": false,
              "skipped": false
            },
            {
              "title": "Validar login com e-mail cadastrado",
              "fullTitle": "Feature 01 - Login Validar login com e-mail cadastrado",
              "timedOut": null,
              "duration": 1537,
              "state": "passed",
              "speed": "fast",
              "pass": true,
              "fail": false,
              "pending": false,
              "context": null,
              "code": "cy.login(newUser.email, newUser.senha);\ncy.get('.dropdown-toggle').should('exist');\ncy.get('.alert').should('have.text', `Bem vindo, ${newUser.nome}!`);",
              "err": {},
              "uuid": "5b74f7f3-fe6a-46c0-950b-6b3088b46cc8",
              "parentUUID": "f1c16944-04cd-4082-a861-25b841e646cc",
              "isHook": false,
              "skipped": false
            }
          ],
          "suites": [],
          "passes": [
            "fcc9126c-ed24-48e6-8535-e58c85fe2f1d",
            "b6ffd63c-dce0-4964-bd40-7e5c21e98e75",
            "5b74f7f3-fe6a-46c0-950b-6b3088b46cc8"
          ],
          "failures": [],
          "pending": [],
          "skipped": [],
          "duration": 4937,
          "root": false,
          "rootEmpty": false,
          "_timeout": 2000
        }
      ],
      "passes": [],
      "failures": [],
      "pending": [],
      "skipped": [],
      "duration": 0,
      "root": true,
      "rootEmpty": true,
      "_timeout": 2000
    },
    {
      "uuid": "d918d57a-371c-431d-bc96-77a90e0dfbf6",
      "title": "",
      "fullFile": "cypress/e2e/Logout.cy.js",
      "file": "cypress/e2e/Logout.cy.js",
      "beforeHooks": [],
      "afterHooks": [],
      "tests": [],
      "suites": [
        {
          "uuid": "0b7416ab-6318-4b30-9cea-b891ea53c21d",
          "title": "Feature 05 - Logout",
          "fullFile": "",
          "file": "",
          "beforeHooks": [],
          "afterHooks": [],
          "tests": [
            {
              "title": "Validar logout do sistema",
              "fullTitle": "Feature 05 - Logout Validar logout do sistema",
              "timedOut": null,
              "duration": 1831,
              "state": "passed",
              "speed": "fast",
              "pass": true,
              "fail": false,
              "pending": false,
              "context": null,
              "code": "cy.visit('/');\ncy.login(userPadrao[1].email, userPadrao[1].password);\ncy.logout();\ncy.get(':nth-child(2) > a').should('be.visible');",
              "err": {},
              "uuid": "42971ec0-12ae-4455-993e-e9ea868a5e4a",
              "parentUUID": "0b7416ab-6318-4b30-9cea-b891ea53c21d",
              "isHook": false,
              "skipped": false
            }
          ],
          "suites": [],
          "passes": [
            "42971ec0-12ae-4455-993e-e9ea868a5e4a"
          ],
          "failures": [],
          "pending": [],
          "skipped": [],
          "duration": 1831,
          "root": false,
          "rootEmpty": false,
          "_timeout": 2000
        }
      ],
      "passes": [],
      "failures": [],
      "pending": [],
      "skipped": [],
      "duration": 0,
      "root": true,
      "rootEmpty": true,
      "_timeout": 2000
    },
    {
      "uuid": "3206f501-bec8-41de-b2e8-62200f977cd3",
      "title": "",
      "fullFile": "cypress/e2e/Movimentação.cy.js",
      "file": "cypress/e2e/Movimentação.cy.js",
      "beforeHooks": [],
      "afterHooks": [],
      "tests": [],
      "suites": [
        {
          "uuid": "88a4b834-cd0b-4c9d-9da1-a8f830984145",
          "title": "Feature 03 - Movimentação",
          "fullFile": "",
          "file": "",
          "beforeHooks": [],
          "afterHooks": [],
          "tests": [
            {
              "title": "Criar movimentação do tipo Receita",
              "fullTitle": "Feature 03 - Movimentação Criar movimentação do tipo Receita",
              "timedOut": null,
              "duration": 4420,
              "state": "passed",
              "speed": "fast",
              "pass": true,
              "fail": false,
              "pending": false,
              "context": null,
              "code": "const newConta = (0, _utils.generateUsers)();\ncy.visit('/');\ncy.criarConta(newConta.conta);\ncy.criarMovimentacao('Receita', dataAtual, dataAtual, newConta.nome, '250');\ncy.get('#tipo').should('have.value', 'REC');\ncy.get('.btn').click();\ncy.exibirAlerta().should('have.text', 'Movimentação adicionada com sucesso!');",
              "err": {},
              "uuid": "76581e13-8d15-49e3-81b9-a156804244c8",
              "parentUUID": "88a4b834-cd0b-4c9d-9da1-a8f830984145",
              "isHook": false,
              "skipped": false
            },
            {
              "title": "Criar movimentação do tipo Despesa",
              "fullTitle": "Feature 03 - Movimentação Criar movimentação do tipo Despesa",
              "timedOut": null,
              "duration": 1824,
              "state": "passed",
              "speed": "fast",
              "pass": true,
              "fail": false,
              "pending": false,
              "context": null,
              "code": "const newConta = (0, _utils.generateUsers)();\ncy.visit('/');\ncy.criarMovimentacao('Despesa', dataAtual, dataAtual, newConta.nome, '250');\ncy.get('#tipo').should('have.value', 'DESP');\ncy.get('.btn').click();\ncy.exibirAlerta().should('have.text', 'Movimentação adicionada com sucesso!');",
              "err": {},
              "uuid": "5e980b29-7e40-4ea1-ac19-bc5acd8d2fe3",
              "parentUUID": "88a4b834-cd0b-4c9d-9da1-a8f830984145",
              "isHook": false,
              "skipped": false
            },
            {
              "title": "Validar formato inválido da data",
              "fullTitle": "Feature 03 - Movimentação Validar formato inválido da data",
              "timedOut": null,
              "duration": 1888,
              "state": "passed",
              "speed": "fast",
              "pass": true,
              "fail": false,
              "pending": false,
              "context": null,
              "code": "const newConta = (0, _utils.generateUsers)();\ncy.visit('/');\ncy.criarMovimentacao('Despesa', dataAtual, dataAtual + 1, newConta.nome, '250');\ncy.get('.btn').click();\ncy.get('.alert > ul > li').should('have.text', 'Data do pagamento inválida (DD/MM/YYYY)');",
              "err": {},
              "uuid": "10e94566-0a49-4e93-8930-fc82fe6243cd",
              "parentUUID": "88a4b834-cd0b-4c9d-9da1-a8f830984145",
              "isHook": false,
              "skipped": false
            },
            {
              "title": "Validar campo Valor como inválido",
              "fullTitle": "Feature 03 - Movimentação Validar campo Valor como inválido",
              "timedOut": null,
              "duration": 1829,
              "state": "passed",
              "speed": "fast",
              "pass": true,
              "fail": false,
              "pending": false,
              "context": null,
              "code": "const newConta = (0, _utils.generateUsers)();\ncy.visit('/');\ncy.criarMovimentacao('Despesa', dataAtual, dataAtual, newConta.nome, 'ABC');\ncy.get('.btn').click();\ncy.get('.alert > ul > li').should('have.text', 'Valor deve ser um número');",
              "err": {},
              "uuid": "7d39759a-f6da-4b6c-9a2d-f08d3f396d39",
              "parentUUID": "88a4b834-cd0b-4c9d-9da1-a8f830984145",
              "isHook": false,
              "skipped": false
            }
          ],
          "suites": [],
          "passes": [
            "76581e13-8d15-49e3-81b9-a156804244c8",
            "5e980b29-7e40-4ea1-ac19-bc5acd8d2fe3",
            "10e94566-0a49-4e93-8930-fc82fe6243cd",
            "7d39759a-f6da-4b6c-9a2d-f08d3f396d39"
          ],
          "failures": [],
          "pending": [],
          "skipped": [],
          "duration": 9961,
          "root": false,
          "rootEmpty": false,
          "_timeout": 2000
        }
      ],
      "passes": [],
      "failures": [],
      "pending": [],
      "skipped": [],
      "duration": 0,
      "root": true,
      "rootEmpty": true,
      "_timeout": 2000
    },
    {
      "uuid": "2199a5e8-2fb5-4082-8931-9b36d34795b3",
      "title": "",
      "fullFile": "cypress/e2e/ResumoMensal.cy.js",
      "file": "cypress/e2e/ResumoMensal.cy.js",
      "beforeHooks": [],
      "afterHooks": [],
      "tests": [],
      "suites": [
        {
          "uuid": "31270270-74be-4504-ba64-3ec2188bb567",
          "title": "Feature 04 - Resumo mensal",
          "fullFile": "",
          "file": "",
          "beforeHooks": [],
          "afterHooks": [],
          "tests": [
            {
              "title": "Filtrar resumo mensal",
              "fullTitle": "Feature 04 - Resumo mensal Filtrar resumo mensal",
              "timedOut": null,
              "duration": 5113,
              "state": "passed",
              "speed": "medium",
              "pass": true,
              "fail": false,
              "pending": false,
              "context": null,
              "code": "const newConta = (0, _utils.generateUsers)();\nconst mesAtual = (0, _utils.getMesAtual)();\nconst anoAtual = (0, _utils.getAnoAtual)();\ncy.visit('/');\ncy.criarConta(newConta.conta);\ncy.criarMovimentacao('Receita', dataAtual, dataAtual, newConta.nome, '250');\ncy.get('.btn').click();\ncy.filtrarResumos(mesAtual, anoAtual);",
              "err": {},
              "uuid": "78c9da8a-35bd-441e-be23-d0b192ab5992",
              "parentUUID": "31270270-74be-4504-ba64-3ec2188bb567",
              "isHook": false,
              "skipped": false
            },
            {
              "title": "Excluir movimentações",
              "fullTitle": "Feature 04 - Resumo mensal Excluir movimentações",
              "timedOut": null,
              "duration": 844,
              "state": "passed",
              "speed": "fast",
              "pass": true,
              "fail": false,
              "pending": false,
              "context": null,
              "code": "cy.visit('/extrato');\ncy.excluirMovimentacoes();\ncy.exibirAlerta().should('have.text', 'Movimentação removida com sucesso!');",
              "err": {},
              "uuid": "e0296cf5-03fd-46ab-a9a4-8e24f8c4882b",
              "parentUUID": "31270270-74be-4504-ba64-3ec2188bb567",
              "isHook": false,
              "skipped": false
            }
          ],
          "suites": [],
          "passes": [
            "78c9da8a-35bd-441e-be23-d0b192ab5992",
            "e0296cf5-03fd-46ab-a9a4-8e24f8c4882b"
          ],
          "failures": [],
          "pending": [],
          "skipped": [],
          "duration": 5957,
          "root": false,
          "rootEmpty": false,
          "_timeout": 2000
        }
      ],
      "passes": [],
      "failures": [],
      "pending": [],
      "skipped": [],
      "duration": 0,
      "root": true,
      "rootEmpty": true,
      "_timeout": 2000
    }
  ],
  "meta": {
    "mocha": {
      "version": "7.0.1"
    },
    "mochawesome": {
      "options": {
        "quiet": false,
        "reportFilename": "mochawesome",
        "saveHtml": true,
        "saveJson": true,
        "consoleReporter": "spec",
        "useInlineDiffs": false,
        "code": true
      },
      "version": "7.1.3"
    },
    "marge": {
      "options": {
        "reportDir": "cypress/results",
        "overwrite": false,
        "html": true,
        "json": true,
        "charts": true
      },
      "version": "6.2.0"
    }
  }
}