{
  "stats": {
    "suites": 1,
    "tests": 2,
    "passes": 2,
    "pending": 0,
    "failures": 0,
    "start": "2024-11-04T18:13:39.478Z",
    "end": "2024-11-04T18:13:45.489Z",
    "duration": 6011,
    "testsRegistered": 2,
    "passPercent": 100,
    "pendingPercent": 0,
    "other": 0,
    "hasOther": false,
    "skipped": 0,
    "hasSkipped": false
  },
  "results": [
    {
      "uuid": "2199a5e8-2fb5-4082-8931-9b36d34795b3",
      "title": "",
      "fullFile": "cypress/e2e/ResumoMensal.cy.js",
      "file": "cypress/e2e/ResumoMensal.cy.js",
      "beforeHooks": [],
      "afterHooks": [],
      "tests": [],
      "suites": [
        {
          "uuid": "31270270-74be-4504-ba64-3ec2188bb567",
          "title": "Feature 04 - Resumo mensal",
          "fullFile": "",
          "file": "",
          "beforeHooks": [],
          "afterHooks": [],
          "tests": [
            {
              "title": "Filtrar resumo mensal",
              "fullTitle": "Feature 04 - Resumo mensal Filtrar resumo mensal",
              "timedOut": null,
              "duration": 5113,
              "state": "passed",
              "speed": "medium",
              "pass": true,
              "fail": false,
              "pending": false,
              "context": null,
              "code": "const newConta = (0, _utils.generateUsers)();\nconst mesAtual = (0, _utils.getMesAtual)();\nconst anoAtual = (0, _utils.getAnoAtual)();\ncy.visit('/');\ncy.criarConta(newConta.conta);\ncy.criarMovimentacao('Receita', dataAtual, dataAtual, newConta.nome, '250');\ncy.get('.btn').click();\ncy.filtrarResumos(mesAtual, anoAtual);",
              "err": {},
              "uuid": "78c9da8a-35bd-441e-be23-d0b192ab5992",
              "parentUUID": "31270270-74be-4504-ba64-3ec2188bb567",
              "isHook": false,
              "skipped": false
            },
            {
              "title": "Excluir movimentações",
              "fullTitle": "Feature 04 - Resumo mensal Excluir movimentações",
              "timedOut": null,
              "duration": 844,
              "state": "passed",
              "speed": "fast",
              "pass": true,
              "fail": false,
              "pending": false,
              "context": null,
              "code": "cy.visit('/extrato');\ncy.excluirMovimentacoes();\ncy.exibirAlerta().should('have.text', 'Movimentação removida com sucesso!');",
              "err": {},
              "uuid": "e0296cf5-03fd-46ab-a9a4-8e24f8c4882b",
              "parentUUID": "31270270-74be-4504-ba64-3ec2188bb567",
              "isHook": false,
              "skipped": false
            }
          ],
          "suites": [],
          "passes": [
            "78c9da8a-35bd-441e-be23-d0b192ab5992",
            "e0296cf5-03fd-46ab-a9a4-8e24f8c4882b"
          ],
          "failures": [],
          "pending": [],
          "skipped": [],
          "duration": 5957,
          "root": false,
          "rootEmpty": false,
          "_timeout": 2000
        }
      ],
      "passes": [],
      "failures": [],
      "pending": [],
      "skipped": [],
      "duration": 0,
      "root": true,
      "rootEmpty": true,
      "_timeout": 2000
    }
  ],
  "meta": {
    "mocha": {
      "version": "7.0.1"
    },
    "mochawesome": {
      "options": {
        "quiet": false,
        "reportFilename": "mochawesome",
        "saveHtml": true,
        "saveJson": true,
        "consoleReporter": "spec",
        "useInlineDiffs": false,
        "code": true
      },
      "version": "7.1.3"
    },
    "marge": {
      "options": {
        "reportDir": "cypress/results",
        "overwrite": false,
        "html": true,
        "json": true,
        "charts": true
      },
      "version": "6.2.0"
    }
  }
}