{
  "stats": {
    "suites": 1,
    "tests": 3,
    "passes": 3,
    "pending": 0,
    "failures": 0,
    "start": "2024-11-04T18:13:12.269Z",
    "end": "2024-11-04T18:13:17.259Z",
    "duration": 4990,
    "testsRegistered": 3,
    "passPercent": 100,
    "pendingPercent": 0,
    "other": 0,
    "hasOther": false,
    "skipped": 0,
    "hasSkipped": false
  },
  "results": [
    {
      "uuid": "7a4ac7a0-1144-4ea2-9a03-fb5e9dfda021",
      "title": "",
      "fullFile": "cypress/e2e/Login.cy.js",
      "file": "cypress/e2e/Login.cy.js",
      "beforeHooks": [],
      "afterHooks": [],
      "tests": [],
      "suites": [
        {
          "uuid": "f1c16944-04cd-4082-a861-25b841e646cc",
          "title": "Feature 01 - Login",
          "fullFile": "",
          "file": "",
          "beforeHooks": [],
          "afterHooks": [],
          "tests": [
            {
              "title": "Criar um novo usuário com sucesso",
              "fullTitle": "Feature 01 - Login Criar um novo usuário com sucesso",
              "timedOut": null,
              "duration": 2154,
              "state": "passed",
              "speed": "fast",
              "pass": true,
              "fail": false,
              "pending": false,
              "context": null,
              "code": "cy.createUser(newUser.nome, newUser.email, newUser.senha);\ncy.get('.alert').should('have.text', 'Usuário inserido com sucesso');",
              "err": {},
              "uuid": "fcc9126c-ed24-48e6-8535-e58c85fe2f1d",
              "parentUUID": "f1c16944-04cd-4082-a861-25b841e646cc",
              "isHook": false,
              "skipped": false
            },
            {
              "title": "Validar login com e-mail não cadastrado",
              "fullTitle": "Feature 01 - Login Validar login com e-mail não cadastrado",
              "timedOut": null,
              "duration": 1246,
              "state": "passed",
              "speed": "fast",
              "pass": true,
              "fail": false,
              "pending": false,
              "context": null,
              "code": "cy.login(userNaoCdastrado[0].email, userNaoCdastrado[0].password);\ncy.get('.alert').should('have.text', 'Problemas com o login do usuário');",
              "err": {},
              "uuid": "b6ffd63c-dce0-4964-bd40-7e5c21e98e75",
              "parentUUID": "f1c16944-04cd-4082-a861-25b841e646cc",
              "isHook": false,
              "skipped": false
            },
            {
              "title": "Validar login com e-mail cadastrado",
              "fullTitle": "Feature 01 - Login Validar login com e-mail cadastrado",
              "timedOut": null,
              "duration": 1537,
              "state": "passed",
              "speed": "fast",
              "pass": true,
              "fail": false,
              "pending": false,
              "context": null,
              "code": "cy.login(newUser.email, newUser.senha);\ncy.get('.dropdown-toggle').should('exist');\ncy.get('.alert').should('have.text', `Bem vindo, ${newUser.nome}!`);",
              "err": {},
              "uuid": "5b74f7f3-fe6a-46c0-950b-6b3088b46cc8",
              "parentUUID": "f1c16944-04cd-4082-a861-25b841e646cc",
              "isHook": false,
              "skipped": false
            }
          ],
          "suites": [],
          "passes": [
            "fcc9126c-ed24-48e6-8535-e58c85fe2f1d",
            "b6ffd63c-dce0-4964-bd40-7e5c21e98e75",
            "5b74f7f3-fe6a-46c0-950b-6b3088b46cc8"
          ],
          "failures": [],
          "pending": [],
          "skipped": [],
          "duration": 4937,
          "root": false,
          "rootEmpty": false,
          "_timeout": 2000
        }
      ],
      "passes": [],
      "failures": [],
      "pending": [],
      "skipped": [],
      "duration": 0,
      "root": true,
      "rootEmpty": true,
      "_timeout": 2000
    }
  ],
  "meta": {
    "mocha": {
      "version": "7.0.1"
    },
    "mochawesome": {
      "options": {
        "quiet": false,
        "reportFilename": "mochawesome",
        "saveHtml": true,
        "saveJson": true,
        "consoleReporter": "spec",
        "useInlineDiffs": false,
        "code": true
      },
      "version": "7.1.3"
    },
    "marge": {
      "options": {
        "reportDir": "cypress/results",
        "overwrite": false,
        "html": true,
        "json": true,
        "charts": true
      },
      "version": "6.2.0"
    }
  }
}