{
  "stats": {
    "suites": 1,
    "tests": 4,
    "passes": 4,
    "pending": 0,
    "failures": 0,
    "start": "2024-11-04T18:12:59.605Z",
    "end": "2024-11-04T18:13:08.861Z",
    "duration": 9256,
    "testsRegistered": 4,
    "passPercent": 100,
    "pendingPercent": 0,
    "other": 0,
    "hasOther": false,
    "skipped": 0,
    "hasSkipped": false
  },
  "results": [
    {
      "uuid": "5f32b3d5-fa13-4f9d-bcd9-680fa37ce6fd",
      "title": "",
      "fullFile": "cypress/e2e/Contas.cy.js",
      "file": "cypress/e2e/Contas.cy.js",
      "beforeHooks": [],
      "afterHooks": [],
      "tests": [],
      "suites": [
        {
          "uuid": "eeb71ac9-5822-44f7-996b-6f38c37bc21a",
          "title": "Feature 02 - Contas",
          "fullFile": "",
          "file": "",
          "beforeHooks": [],
          "afterHooks": [],
          "tests": [
            {
              "title": "Criar adicionar 2 contas",
              "fullTitle": "Feature 02 - Contas Criar adicionar 2 contas",
              "timedOut": null,
              "duration": 4034,
              "state": "passed",
              "speed": "fast",
              "pass": true,
              "fail": false,
              "pending": false,
              "context": null,
              "code": "const newConta = (0, _utils.generateUsers)();\ncy.visit('/');\ncy.criarConta(newConta.conta);\ncy.criarConta(newConta.conta + 1);\ncy.exibirAlerta().should('have.text', 'Conta adicionada com sucesso!');",
              "err": {},
              "uuid": "66647976-1aed-478f-b6f0-6e0a54fb79d5",
              "parentUUID": "eeb71ac9-5822-44f7-996b-6f38c37bc21a",
              "isHook": false,
              "skipped": false
            },
            {
              "title": "Listar todas as contas",
              "fullTitle": "Feature 02 - Contas Listar todas as contas",
              "timedOut": null,
              "duration": 514,
              "state": "passed",
              "speed": "fast",
              "pass": true,
              "fail": false,
              "pending": false,
              "context": null,
              "code": "cy.visit('/');\ncy.listarContas();\ncy.get('tr:visible').should('have.length.greaterThan', 0);",
              "err": {},
              "uuid": "d5b0f119-04c5-45eb-b7e6-80024b40154e",
              "parentUUID": "eeb71ac9-5822-44f7-996b-6f38c37bc21a",
              "isHook": false,
              "skipped": false
            },
            {
              "title": "Validar alteração do nome das contas",
              "fullTitle": "Feature 02 - Contas Validar alteração do nome das contas",
              "timedOut": null,
              "duration": 3522,
              "state": "passed",
              "speed": "fast",
              "pass": true,
              "fail": false,
              "pending": false,
              "context": null,
              "code": "const newConta = (0, _utils.generateUsers)();\ncy.visit('/contas');\ncy.alterarNomeContas(newConta.conta);\ncy.exibirAlerta().should('have.text', 'Conta alterada com sucesso!');",
              "err": {},
              "uuid": "715b7b33-ad77-4b32-8259-e8e93d775810",
              "parentUUID": "eeb71ac9-5822-44f7-996b-6f38c37bc21a",
              "isHook": false,
              "skipped": false
            },
            {
              "title": "Validar exclusão das contas",
              "fullTitle": "Feature 02 - Contas Validar exclusão das contas",
              "timedOut": null,
              "duration": 1056,
              "state": "passed",
              "speed": "fast",
              "pass": true,
              "fail": false,
              "pending": false,
              "context": null,
              "code": "cy.visit('/contas');\ncy.excluirContas();",
              "err": {},
              "uuid": "aec6522e-da88-48f1-bacd-b21a8a4afb32",
              "parentUUID": "eeb71ac9-5822-44f7-996b-6f38c37bc21a",
              "isHook": false,
              "skipped": false
            }
          ],
          "suites": [],
          "passes": [
            "66647976-1aed-478f-b6f0-6e0a54fb79d5",
            "d5b0f119-04c5-45eb-b7e6-80024b40154e",
            "715b7b33-ad77-4b32-8259-e8e93d775810",
            "aec6522e-da88-48f1-bacd-b21a8a4afb32"
          ],
          "failures": [],
          "pending": [],
          "skipped": [],
          "duration": 9126,
          "root": false,
          "rootEmpty": false,
          "_timeout": 2000
        }
      ],
      "passes": [],
      "failures": [],
      "pending": [],
      "skipped": [],
      "duration": 0,
      "root": true,
      "rootEmpty": true,
      "_timeout": 2000
    }
  ],
  "meta": {
    "mocha": {
      "version": "7.0.1"
    },
    "mochawesome": {
      "options": {
        "quiet": false,
        "reportFilename": "mochawesome",
        "saveHtml": true,
        "saveJson": true,
        "consoleReporter": "spec",
        "useInlineDiffs": false,
        "code": true
      },
      "version": "7.1.3"
    },
    "marge": {
      "options": {
        "reportDir": "cypress/results",
        "overwrite": false,
        "html": true,
        "json": true,
        "charts": true
      },
      "version": "6.2.0"
    }
  }
}