{
  "stats": {
    "suites": 1,
    "tests": 4,
    "passes": 4,
    "pending": 0,
    "failures": 0,
    "start": "2024-11-04T18:13:25.905Z",
    "end": "2024-11-04T18:13:35.963Z",
    "duration": 10058,
    "testsRegistered": 4,
    "passPercent": 100,
    "pendingPercent": 0,
    "other": 0,
    "hasOther": false,
    "skipped": 0,
    "hasSkipped": false
  },
  "results": [
    {
      "uuid": "3206f501-bec8-41de-b2e8-62200f977cd3",
      "title": "",
      "fullFile": "cypress/e2e/Movimentação.cy.js",
      "file": "cypress/e2e/Movimentação.cy.js",
      "beforeHooks": [],
      "afterHooks": [],
      "tests": [],
      "suites": [
        {
          "uuid": "88a4b834-cd0b-4c9d-9da1-a8f830984145",
          "title": "Feature 03 - Movimentação",
          "fullFile": "",
          "file": "",
          "beforeHooks": [],
          "afterHooks": [],
          "tests": [
            {
              "title": "Criar movimentação do tipo Receita",
              "fullTitle": "Feature 03 - Movimentação Criar movimentação do tipo Receita",
              "timedOut": null,
              "duration": 4420,
              "state": "passed",
              "speed": "fast",
              "pass": true,
              "fail": false,
              "pending": false,
              "context": null,
              "code": "const newConta = (0, _utils.generateUsers)();\ncy.visit('/');\ncy.criarConta(newConta.conta);\ncy.criarMovimentacao('Receita', dataAtual, dataAtual, newConta.nome, '250');\ncy.get('#tipo').should('have.value', 'REC');\ncy.get('.btn').click();\ncy.exibirAlerta().should('have.text', 'Movimentação adicionada com sucesso!');",
              "err": {},
              "uuid": "76581e13-8d15-49e3-81b9-a156804244c8",
              "parentUUID": "88a4b834-cd0b-4c9d-9da1-a8f830984145",
              "isHook": false,
              "skipped": false
            },
            {
              "title": "Criar movimentação do tipo Despesa",
              "fullTitle": "Feature 03 - Movimentação Criar movimentação do tipo Despesa",
              "timedOut": null,
              "duration": 1824,
              "state": "passed",
              "speed": "fast",
              "pass": true,
              "fail": false,
              "pending": false,
              "context": null,
              "code": "const newConta = (0, _utils.generateUsers)();\ncy.visit('/');\ncy.criarMovimentacao('Despesa', dataAtual, dataAtual, newConta.nome, '250');\ncy.get('#tipo').should('have.value', 'DESP');\ncy.get('.btn').click();\ncy.exibirAlerta().should('have.text', 'Movimentação adicionada com sucesso!');",
              "err": {},
              "uuid": "5e980b29-7e40-4ea1-ac19-bc5acd8d2fe3",
              "parentUUID": "88a4b834-cd0b-4c9d-9da1-a8f830984145",
              "isHook": false,
              "skipped": false
            },
            {
              "title": "Validar formato inválido da data",
              "fullTitle": "Feature 03 - Movimentação Validar formato inválido da data",
              "timedOut": null,
              "duration": 1888,
              "state": "passed",
              "speed": "fast",
              "pass": true,
              "fail": false,
              "pending": false,
              "context": null,
              "code": "const newConta = (0, _utils.generateUsers)();\ncy.visit('/');\ncy.criarMovimentacao('Despesa', dataAtual, dataAtual + 1, newConta.nome, '250');\ncy.get('.btn').click();\ncy.get('.alert > ul > li').should('have.text', 'Data do pagamento inválida (DD/MM/YYYY)');",
              "err": {},
              "uuid": "10e94566-0a49-4e93-8930-fc82fe6243cd",
              "parentUUID": "88a4b834-cd0b-4c9d-9da1-a8f830984145",
              "isHook": false,
              "skipped": false
            },
            {
              "title": "Validar campo Valor como inválido",
              "fullTitle": "Feature 03 - Movimentação Validar campo Valor como inválido",
              "timedOut": null,
              "duration": 1829,
              "state": "passed",
              "speed": "fast",
              "pass": true,
              "fail": false,
              "pending": false,
              "context": null,
              "code": "const newConta = (0, _utils.generateUsers)();\ncy.visit('/');\ncy.criarMovimentacao('Despesa', dataAtual, dataAtual, newConta.nome, 'ABC');\ncy.get('.btn').click();\ncy.get('.alert > ul > li').should('have.text', 'Valor deve ser um número');",
              "err": {},
              "uuid": "7d39759a-f6da-4b6c-9a2d-f08d3f396d39",
              "parentUUID": "88a4b834-cd0b-4c9d-9da1-a8f830984145",
              "isHook": false,
              "skipped": false
            }
          ],
          "suites": [],
          "passes": [
            "76581e13-8d15-49e3-81b9-a156804244c8",
            "5e980b29-7e40-4ea1-ac19-bc5acd8d2fe3",
            "10e94566-0a49-4e93-8930-fc82fe6243cd",
            "7d39759a-f6da-4b6c-9a2d-f08d3f396d39"
          ],
          "failures": [],
          "pending": [],
          "skipped": [],
          "duration": 9961,
          "root": false,
          "rootEmpty": false,
          "_timeout": 2000
        }
      ],
      "passes": [],
      "failures": [],
      "pending": [],
      "skipped": [],
      "duration": 0,
      "root": true,
      "rootEmpty": true,
      "_timeout": 2000
    }
  ],
  "meta": {
    "mocha": {
      "version": "7.0.1"
    },
    "mochawesome": {
      "options": {
        "quiet": false,
        "reportFilename": "mochawesome",
        "saveHtml": true,
        "saveJson": true,
        "consoleReporter": "spec",
        "useInlineDiffs": false,
        "code": true
      },
      "version": "7.1.3"
    },
    "marge": {
      "options": {
        "reportDir": "cypress/results",
        "overwrite": false,
        "html": true,
        "json": true,
        "charts": true
      },
      "version": "6.2.0"
    }
  }
}